<?xml version="1.0" encoding="UTF-8"?>
<testsuite xmlns:xsi="http://www.w3.org/2001/XMLSchema-instance" xsi:noNamespaceSchemaLocation="https://maven.apache.org/surefire/maven-surefire-plugin/xsd/surefire-test-report.xsd" name="sistema.atendimento.c.AppTest" time="0.03" tests="1" errors="0" skipped="0" failures="0">
  <properties>
    <property name="java.specification.version" value="17"/>
    <property name="sun.jnu.encoding" value="UTF-8"/>
    <property name="java.class.path" value="/home/hugo/Desktop/lei/CBD/CBD - Praticas/lab02/lab02_4/sistemnaatendimentoc/target/test-classes:/home/hugo/Desktop/lei/CBD/CBD - Praticas/lab02/lab02_4/sistemnaatendimentoc/target/classes:/home/hugo/.m2/repository/junit/junit/4.11/junit-4.11.jar:/home/hugo/.m2/repository/org/hamcrest/hamcrest-core/1.3/hamcrest-core-1.3.jar:/home/hugo/.m2/repository/org/mongodb/mongodb-driver-core/4.10.2/mongodb-driver-core-4.10.2.jar:/home/hugo/.m2/repository/org/mongodb/bson-record-codec/4.10.2/bson-record-codec-4.10.2.jar:/home/hugo/.m2/repository/org/mongodb/mongodb-driver-sync/4.10.2/mongodb-driver-sync-4.10.2.jar:/home/hugo/.m2/repository/org/mongodb/bson/4.10.2/bson-4.10.2.jar:"/>
    <property name="java.vm.vendor" value="Private Build"/>
    <property name="sun.arch.data.model" value="64"/>
    <property name="java.vendor.url" value="Unknown"/>
    <property name="os.name" value="Linux"/>
    <property name="java.vm.specification.version" value="17"/>
    <property name="sun.java.launcher" value="SUN_STANDARD"/>
    <property name="user.country" value="US"/>
    <property name="sun.boot.library.path" value="/usr/lib/jvm/java-17-openjdk-amd64/lib"/>
    <property name="sun.java.command" value="/home/hugo/Desktop/lei/CBD/CBD - Praticas/lab02/lab02_4/sistemnaatendimentoc/target/surefire/surefirebooter17872759008905854236.jar /home/hugo/Desktop/lei/CBD/CBD - Praticas/lab02/lab02_4/sistemnaatendimentoc/target/surefire 2023-10-12T18-32-45_945-jvmRun1 surefire1486206931150728036tmp surefire_017003379378612778584tmp"/>
    <property name="jdk.debug" value="release"/>
    <property name="surefire.test.class.path" value="/home/hugo/Desktop/lei/CBD/CBD - Praticas/lab02/lab02_4/sistemnaatendimentoc/target/test-classes:/home/hugo/Desktop/lei/CBD/CBD - Praticas/lab02/lab02_4/sistemnaatendimentoc/target/classes:/home/hugo/.m2/repository/junit/junit/4.11/junit-4.11.jar:/home/hugo/.m2/repository/org/hamcrest/hamcrest-core/1.3/hamcrest-core-1.3.jar:/home/hugo/.m2/repository/org/mongodb/mongodb-driver-core/4.10.2/mongodb-driver-core-4.10.2.jar:/home/hugo/.m2/repository/org/mongodb/bson-record-codec/4.10.2/bson-record-codec-4.10.2.jar:/home/hugo/.m2/repository/org/mongodb/mongodb-driver-sync/4.10.2/mongodb-driver-sync-4.10.2.jar:/home/hugo/.m2/repository/org/mongodb/bson/4.10.2/bson-4.10.2.jar:"/>
    <property name="sun.cpu.endian" value="little"/>
    <property name="user.home" value="/home/hugo"/>
    <property name="user.language" value="en"/>
    <property name="java.specification.vendor" value="Oracle Corporation"/>
    <property name="java.version.date" value="2023-08-24"/>
    <property name="java.home" value="/usr/lib/jvm/java-17-openjdk-amd64"/>
    <property name="file.separator" value="/"/>
    <property name="basedir" value="/home/hugo/Desktop/lei/CBD/CBD - Praticas/lab02/lab02_4/sistemnaatendimentoc"/>
    <property name="java.vm.compressedOopsMode" value="Zero based"/>
    <property name="line.separator" value="&#10;"/>
    <property name="java.vm.specification.vendor" value="Oracle Corporation"/>
    <property name="java.specification.name" value="Java Platform API Specification"/>
    <property name="surefire.real.class.path" value="/home/hugo/Desktop/lei/CBD/CBD - Praticas/lab02/lab02_4/sistemnaatendimentoc/target/surefire/surefirebooter17872759008905854236.jar"/>
    <property name="sun.management.compiler" value="HotSpot 64-Bit Tiered Compilers"/>
    <property name="java.runtime.version" value="17.0.8.1+1-Ubuntu-0ubuntu122.04"/>
    <property name="user.name" value="hugo"/>
    <property name="path.separator" value=":"/>
    <property name="os.version" value="6.2.6-76060206-generic"/>
    <property name="java.runtime.name" value="OpenJDK Runtime Environment"/>
    <property name="file.encoding" value="UTF-8"/>
    <property name="java.vm.name" value="OpenJDK 64-Bit Server VM"/>
    <property name="localRepository" value="/home/hugo/.m2/repository"/>
    <property name="java.vendor.url.bug" value="Unknown"/>
    <property name="java.io.tmpdir" value="/tmp"/>
    <property name="java.version" value="17.0.8.1"/>
    <property name="user.dir" value="/home/hugo/Desktop/lei/CBD/CBD - Praticas/lab02/lab02_4/sistemnaatendimentoc"/>
    <property name="os.arch" value="amd64"/>
    <property name="java.vm.specification.name" value="Java Virtual Machine Specification"/>
    <property name="native.encoding" value="UTF-8"/>
    <property name="java.library.path" value="/usr/java/packages/lib:/usr/lib/x86_64-linux-gnu/jni:/lib/x86_64-linux-gnu:/usr/lib/x86_64-linux-gnu:/usr/lib/jni:/lib:/usr/lib"/>
    <property name="java.vm.info" value="mixed mode, sharing"/>
    <property name="java.vendor" value="Private Build"/>
    <property name="java.vm.version" value="17.0.8.1+1-Ubuntu-0ubuntu122.04"/>
    <property name="sun.io.unicode.encoding" value="UnicodeLittle"/>
    <property name="java.class.version" value="61.0"/>
  </properties>
  <testcase name="shouldAnswerWithTrue" classname="sistema.atendimento.c.AppTest" time="0.002"/>
</testsuite>